8.333
8.333
75.278
75.278
73.056
73.056
74.167
67.188
72.500
71.389
68.500
68.889
69.667
73.056
74.167
75.000
75.278
74.722
75.278
71.389
76.389
73.056
74.722
73.333
67.556
71.167
77.500
74.444
71.111
76.944
74.444
77.500
70.000
76.111
62.500
76.389
77.222
76.944
73.056
75.278
73.611
75.278
75.278
76.667
76.944
76.389
78.611
80.833
78.284
80.278
71.944
79.167
77.222
78.889
78.333
78.109
82.500
79.510
99.333
96.296
82.917
86.667
20.160
21.629
79.722
77.222
74.167
77.222
78.333
77.222
78.889
79.167
78.889
78.611
69.167
73.611
78.611
98.148
88.333
88.333
87.083
96.296
70.000
70.833
69.167
70.053
76.357
77.233
76.883
70.753
76.357
76.357
70.753
68.301
78.809
74.956
77.408
75.832
75.131
77.758
77.583
77.583
75.832
85.000
77.778
77.233
77.778
77.222
76.389
79.722
73.056
79.722
73.889
75.000
79.335
81.261
82.137
85.639
82.137
81.961
77.222
77.222
76.389
77.222
78.333
76.532
71.111
78.611
77.778
80.000
79.444
74.722
78.611
72.500
75.556
77.222
71.111
77.222
81.261
78.056
75.278
75.000
73.333
77.500
78.889
73.889
73.889
84.238
81.961
81.436
84.238
83.012
81.086
78.284
80.210
77.758
79.335
81.261
80.911
79.860
79.335
81.786
81.261
81.611
78.984
79.159
81.436
81.786
81.961
82.312
82.137
83.888
79.510
78.459
76.944
77.778
77.500
76.944
76.667
76.111
82.312
79.159
80.560
79.860
80.560
82.312
81.961
81.611
98.413
99.333
98.148
77.583
